<?xml version="1.0" encoding="UTF-8"?>
<!-- Generated by org.testng.reporters.JUnitReportReporter -->
<testsuite hostname="DESKTOP-K5477MR" failures="0" tests="1" name="needsmth.Appium.eCommerce_tc_1" time="16.258" errors="0" timestamp="2023-02-26T23:08:42 IST" skipped="0">
  <testcase classname="needsmth.Appium.eCommerce_tc_1" name="FillForm" time="16.258"/>
  <system-out/>
</testsuite> <!-- needsmth.Appium.eCommerce_tc_1 -->
