<?xml version="1.0" encoding="UTF-8"?>
<!-- Generated by org.testng.reporters.JUnitReportReporter -->
<testsuite hostname="DESKTOP-K5477MR" failures="0" tests="1" name="needsmth.Appium.eCommerce_tc_2" time="22.667" errors="0" timestamp="2023-02-27T22:58:02 IST" skipped="0">
  <testcase classname="needsmth.Appium.eCommerce_tc_2" name="FillForm" time="22.667"/>
  <system-out/>
</testsuite> <!-- needsmth.Appium.eCommerce_tc_2 -->
