<?xml version="1.0" encoding="UTF-8"?>
<!-- Generated by org.testng.reporters.JUnitReportReporter -->
<testsuite hostname="DESKTOP-K5477MR" failures="0" tests="1" name="needsmth.Appium.LongPress" time="12.065" errors="0" timestamp="2023-02-10T23:38:40 IST" skipped="0">
  <testcase classname="needsmth.Appium.LongPress" name="LongPressGesture" time="12.065"/>
  <system-out/>
</testsuite> <!-- needsmth.Appium.LongPress -->
