<?xml version="1.0" encoding="UTF-8"?>
<!-- Generated by org.testng.reporters.JUnitReportReporter -->
<testsuite hostname="DESKTOP-K5477MR" failures="0" tests="1" name="needsmth.Appium.ScrollmDemo" time="22.399" errors="0" timestamp="2023-02-11T20:26:54 IST" skipped="0">
  <testcase classname="needsmth.Appium.ScrollmDemo" name="ScrollmDemoTest" time="22.399"/>
  <system-out/>
</testsuite> <!-- needsmth.Appium.ScrollmDemo -->
