<?xml version="1.0" encoding="UTF-8"?>
<!-- Generated by org.testng.reporters.JUnitReportReporter -->
<testsuite hostname="DESKTOP-K5477MR" failures="0" tests="1" name="needsmth.Appium.MiscellenousAppiumActions" time="24.986" errors="0" timestamp="2023-02-25T18:33:54 IST" skipped="0">
  <testcase classname="needsmth.Appium.MiscellenousAppiumActions" name="Miscellenous" time="24.986"/>
  <system-out/>
</testsuite> <!-- needsmth.Appium.MiscellenousAppiumActions -->
