<?xml version="1.0" encoding="UTF-8"?>
<!-- Generated by org.testng.reporters.JUnitReportReporter -->
<testsuite hostname="DESKTOP-K5477MR" failures="0" tests="1" name="needsmth.Appium.DragDropDemo" time="9.764" errors="0" timestamp="2023-02-12T22:51:54 IST" skipped="0">
  <testcase classname="needsmth.Appium.DragDropDemo" name="DragDropTest" time="9.764"/>
  <system-out/>
</testsuite> <!-- needsmth.Appium.DragDropDemo -->
