<?xml version="1.0" encoding="UTF-8"?>
<!-- Generated by org.testng.reporters.JUnitReportReporter -->
<testsuite hostname="DESKTOP-K5477MR" failures="0" tests="1" name="needsmth.Appium.SwipeDemo" time="10.754" errors="0" timestamp="2023-02-12T22:18:25 IST" skipped="0">
  <testcase classname="needsmth.Appium.SwipeDemo" name="SwipeDemoTest" time="10.754"/>
  <system-out/>
</testsuite> <!-- needsmth.Appium.SwipeDemo -->
