<?xml version="1.0" encoding="UTF-8"?>
<!-- Generated by org.testng.reporters.JUnitReportReporter -->
<testsuite hostname="DESKTOP-K5477MR" failures="0" tests="1" name="needsmth.Appium.eCommerce_tc_1" time="11.701" errors="0" timestamp="2023-02-27T21:54:40 IST" skipped="0">
  <testcase classname="needsmth.Appium.eCommerce_tc_1" name="FillForm" time="11.701"/>
  <system-out/>
</testsuite> <!-- needsmth.Appium.eCommerce_tc_1 -->
